Build started 4/17/2011 4:55:28 PM.
     1>Project "G:\PROG07\PROG07\PROG07.vcxproj" on node 2 (build target(s)).
     1>InitializeBuildStatus:
         Touching "Debug\PROG07.unsuccessfulbuild".
       ClCompile:
         All outputs are up-to-date.
         All outputs are up-to-date.
       ManifestResourceCompile:
         All outputs are up-to-date.
       Link:
         D:\Program Files\Microsoft Visual Studio 10.0\VC\bin\link.exe /ERRORREPORT:PROMPT /OUT:"G:\PROG07\Debug\PROG07.exe" /INCREMENTAL /NOLOGO kernel32.lib user32.lib gdi32.lib winspool.lib comdlg32.lib advapi32.lib shell32.lib ole32.lib oleaut32.lib uuid.lib odbc32.lib odbccp32.lib /MANIFEST /ManifestFile:"Debug\PROG07.exe.intermediate.manifest" /MANIFESTUAC:"level='asInvoker' uiAccess='false'" /DEBUG /PDB:"G:\PROG07\Debug\PROG07.pdb" /SUBSYSTEM:CONSOLE /TLBID:1 /DYNAMICBASE /NXCOMPAT /IMPLIB:"G:\PROG07\Debug\PROG07.lib" /MACHINE:X86 Debug\PROG07.exe.embed.manifest.res
         Debug\PROG07.obj
         Debug\stdafx.obj
       Manifest:
         C:\Program Files\Microsoft SDKs\Windows\v7.0A\bin\mt.exe /nologo /verbose /out:"Debug\PROG07.exe.embed.manifest" /manifest Debug\PROG07.exe.intermediate.manifest
         All outputs are up-to-date.
       LinkEmbedManifest:
         All outputs are up-to-date.
         PROG07.vcxproj -> G:\PROG07\Debug\PROG07.exe
       FinalizeBuildStatus:
         Deleting file "Debug\PROG07.unsuccessfulbuild".
         Touching "Debug\PROG07.lastbuildstate".
     1>Done Building Project "G:\PROG07\PROG07\PROG07.vcxproj" (build target(s)).

Build succeeded.

Time Elapsed 00:00:40.14
