Build started 3/1/2011 4:41:16 PM.
     1>Project "C:\Users\Ben Tobias\Documents\+School Files\CS 246 - Object Oriented Programming and Design\PROG03\PROG03\PROG03.vcxproj" on node 2 (build target(s)).
     1>InitializeBuildStatus:
         Creating "Debug\PROG03.unsuccessfulbuild" because "AlwaysCreate" was specified.
       ClCompile:
         All outputs are up-to-date.
         D:\Program Files\Microsoft Visual Studio 10.0\VC\bin\CL.exe /c /ZI /nologo /W3 /WX- /Od /Oy- /D WIN32 /D _DEBUG /D _CONSOLE /D _UNICODE /D UNICODE /Gm /EHsc /RTC1 /MDd /GS /fp:precise /Zc:wchar_t /Zc:forScope /Yu"StdAfx.h" /Fp"Debug\PROG03.pch" /Fo"Debug\\" /Fd"Debug\vc100.pdb" /Gd /TP /analyze- /errorReport:prompt PROG03.cpp
         PROG03.cpp
       ManifestResourceCompile:
         All outputs are up-to-date.
       Link:
         D:\Program Files\Microsoft Visual Studio 10.0\VC\bin\link.exe /ERRORREPORT:PROMPT /OUT:"C:\Users\Ben Tobias\Documents\+School Files\CS 246 - Object Oriented Programming and Design\PROG03\Debug\PROG03.exe" /INCREMENTAL /NOLOGO kernel32.lib user32.lib gdi32.lib winspool.lib comdlg32.lib advapi32.lib shell32.lib ole32.lib oleaut32.lib uuid.lib odbc32.lib odbccp32.lib /MANIFEST /ManifestFile:"Debug\PROG03.exe.intermediate.manifest" /MANIFESTUAC:"level='asInvoker' uiAccess='false'" /DEBUG /PDB:"C:\Users\Ben Tobias\Documents\+School Files\CS 246 - Object Oriented Programming and Design\PROG03\Debug\PROG03.pdb" /SUBSYSTEM:CONSOLE /TLBID:1 /DYNAMICBASE /NXCOMPAT /IMPLIB:"C:\Users\Ben Tobias\Documents\+School Files\CS 246 - Object Oriented Programming and Design\PROG03\Debug\PROG03.lib" /MACHINE:X86 Debug\PROG03.exe.embed.manifest.res
         Debug\PROG03.obj
         Debug\stdafx.obj
       Manifest:
         C:\Program Files\Microsoft SDKs\Windows\v7.0A\bin\mt.exe /nologo /verbose /out:"Debug\PROG03.exe.embed.manifest" /manifest Debug\PROG03.exe.intermediate.manifest
         All outputs are up-to-date.
       LinkEmbedManifest:
         All outputs are up-to-date.
         PROG03.vcxproj -> C:\Users\Ben Tobias\Documents\+School Files\CS 246 - Object Oriented Programming and Design\PROG03\Debug\PROG03.exe
       FinalizeBuildStatus:
         Deleting file "Debug\PROG03.unsuccessfulbuild".
         Touching "Debug\PROG03.lastbuildstate".
     1>Done Building Project "C:\Users\Ben Tobias\Documents\+School Files\CS 246 - Object Oriented Programming and Design\PROG03\PROG03\PROG03.vcxproj" (build target(s)).

Build succeeded.

Time Elapsed 00:00:11.77
