Build started 3/24/2011 6:52:43 PM.
Project "\\labfiles\studentfolders\113000-114999\113878\CS246\PROG05\PROG05\PROG05\PROG05.vcxproj" on node 2 (build target(s)).
InitializeBuildStatus:
  Touching "Debug\PROG05.unsuccessfulbuild".
ClCompile:
  All outputs are up-to-date.
  All outputs are up-to-date.
ManifestResourceCompile:
  All outputs are up-to-date.
Link:
  C:\Program Files\Microsoft Visual Studio 10.0\VC\bin\link.exe /ERRORREPORT:PROMPT /OUT:"\\labfiles\studentfolders\113000-114999\113878\CS246\PROG05\PROG05\Debug\PROG05.exe" /INCREMENTAL /NOLOGO kernel32.lib user32.lib gdi32.lib winspool.lib comdlg32.lib advapi32.lib shell32.lib ole32.lib oleaut32.lib uuid.lib odbc32.lib odbccp32.lib /MANIFEST /ManifestFile:"Debug\PROG05.exe.intermediate.manifest" /MANIFESTUAC:"level='asInvoker' uiAccess='false'" /DEBUG /PDB:"\\labfiles\studentfolders\113000-114999\113878\CS246\PROG05\PROG05\Debug\PROG05.pdb" /SUBSYSTEM:CONSOLE /TLBID:1 /DYNAMICBASE /NXCOMPAT /IMPLIB:"\\labfiles\studentfolders\113000-114999\113878\CS246\PROG05\PROG05\Debug\PROG05.lib" /MACHINE:X86 Debug\PROG05.exe.embed.manifest.res
  Debug\PROG05.obj
  Debug\stdafx.obj
Manifest:
  C:\Program Files\Microsoft SDKs\Windows\v7.0A\bin\mt.exe /nologo /verbose /out:"Debug\PROG05.exe.embed.manifest" /manifest Debug\PROG05.exe.intermediate.manifest
  All outputs are up-to-date.
LinkEmbedManifest:
  All outputs are up-to-date.
  PROG05.vcxproj -> \\labfiles\studentfolders\113000-114999\113878\CS246\PROG05\PROG05\Debug\PROG05.exe
FinalizeBuildStatus:
  Deleting file "Debug\PROG05.unsuccessfulbuild".
  Touching "Debug\PROG05.lastbuildstate".
Done Building Project "\\labfiles\studentfolders\113000-114999\113878\CS246\PROG05\PROG05\PROG05\PROG05.vcxproj" (build target(s)).

Build succeeded.

Time Elapsed 00:00:02.76
